Starting Model Learning using multiple models to determine best model
('Number of Epochs: ', 1000)
Hello, TensorFlow!
Loading Images...
('Number of Categories: ', 10)
('Categories: ', ['c0', 'c1', 'c2', 'c3', 'c4', 'c5', 'c6', 'c7', 'c8', 'c9'])
Number of images by category: 
c0:2489
c1:2267
c2:2317
c3:2346
c4:2326
c5:2312
c6:2325
c7:2002
c8:1911
c9:2129
((17939,), (4485,), (17939,), (4485,))
4485
3
texting - left
3
texting - left
2
talking on the phone - right
5
operating the radio
Creating image tensors
['images/train/c2/img_35223.jpg' 'images/train/c3/img_589.jpg'
 'images/train/c3/img_27064.jpg' ... 'images/train/c7/img_30031.jpg'
 'images/train/c1/img_38254.jpg' 'images/train/c9/img_79782.jpg']
['images/train/c9/img_63600.jpg' 'images/train/c8/img_81710.jpg'
 'images/train/c6/img_59165.jpg' ... 'images/train/c8/img_5913.jpg'
 'images/train/c2/img_54317.jpg' 'images/train/c0/img_88075.jpg']
Creating Models
create_model15 - Multiple conv2d layers + 3 dense sofmax layers
_________________________________________________________________
Layer (type)                 Output Shape              Param #   
=================================================================
conv2d_1 (Conv2D)            (None, 221, 221, 10)      490       
_________________________________________________________________
max_pooling2d_1 (MaxPooling2 (None, 55, 55, 10)        0         
_________________________________________________________________
conv2d_2 (Conv2D)            (None, 52, 52, 10)        1610      
_________________________________________________________________
max_pooling2d_2 (MaxPooling2 (None, 13, 13, 10)        0         
_________________________________________________________________
conv2d_3 (Conv2D)            (None, 10, 10, 10)        1610      
_________________________________________________________________
max_pooling2d_3 (MaxPooling2 (None, 2, 2, 10)          0         
_________________________________________________________________
global_average_pooling2d_1 ( (None, 10)                0         
_________________________________________________________________
dense_1 (Dense)              (None, 10)                110       
_________________________________________________________________
dense_2 (Dense)              (None, 10)                110       
_________________________________________________________________
dense_3 (Dense)              (None, 10)                110       
=================================================================
Total params: 4,040
Trainable params: 4,040
Non-trainable params: 0
_________________________________________________________________
create_model16 - Multiple conv2d layers + 3 dense sofmax layers
_________________________________________________________________
Layer (type)                 Output Shape              Param #   
=================================================================
conv2d_4 (Conv2D)            (None, 221, 221, 10)      490       
_________________________________________________________________
max_pooling2d_4 (MaxPooling2 (None, 55, 55, 10)        0         
_________________________________________________________________
conv2d_5 (Conv2D)            (None, 52, 52, 10)        1610      
_________________________________________________________________
max_pooling2d_5 (MaxPooling2 (None, 13, 13, 10)        0         
_________________________________________________________________
conv2d_6 (Conv2D)            (None, 10, 10, 10)        1610      
_________________________________________________________________
max_pooling2d_6 (MaxPooling2 (None, 2, 2, 10)          0         
_________________________________________________________________
global_average_pooling2d_2 ( (None, 10)                0         
_________________________________________________________________
dense_4 (Dense)              (None, 10)                110       
_________________________________________________________________
dense_5 (Dense)              (None, 10)                110       
_________________________________________________________________
dense_6 (Dense)              (None, 10)                110       
=================================================================
Total params: 4,040
Trainable params: 4,040
Non-trainable params: 0
_________________________________________________________________
create_model17 - Multiple conv2d layers + 3 dense sofmax layers
_________________________________________________________________
Layer (type)                 Output Shape              Param #   
=================================================================
conv2d_7 (Conv2D)            (None, 221, 221, 10)      490       
_________________________________________________________________
max_pooling2d_7 (MaxPooling2 (None, 55, 55, 10)        0         
_________________________________________________________________
conv2d_8 (Conv2D)            (None, 52, 52, 10)        1610      
_________________________________________________________________
max_pooling2d_8 (MaxPooling2 (None, 13, 13, 10)        0         
_________________________________________________________________
conv2d_9 (Conv2D)            (None, 10, 10, 10)        1610      
_________________________________________________________________
max_pooling2d_9 (MaxPooling2 (None, 2, 2, 10)          0         
_________________________________________________________________
global_average_pooling2d_3 ( (None, 10)                0         
_________________________________________________________________
dense_7 (Dense)              (None, 10)                110       
_________________________________________________________________
dense_8 (Dense)              (None, 10)                110       
_________________________________________________________________
dense_9 (Dense)              (None, 10)                110       
=================================================================
Total params: 4,040
Trainable params: 4,040
Non-trainable params: 0
_________________________________________________________________
{'model': <keras.models.Sequential object at 0x7f48c43f7e90>, 'model_name': 'create_model15'}
{'model': <keras.models.Sequential object at 0x7f48c0a776d0>, 'model_name': 'create_model16'}
{'model': <keras.models.Sequential object at 0x7f48a416c890>, 'model_name': 'create_model17'}
('Train Targets', array([2, 3, 3, ..., 7, 1, 9]))
('Test Targets', array([9, 8, 6, ..., 8, 2, 0]))
('Train Targets One-hot encoded', array([[0., 0., 1., ..., 0., 0., 0.],
       [0., 0., 0., ..., 0., 0., 0.],
       [0., 0., 0., ..., 0., 0., 0.],
       ...,
       [0., 0., 0., ..., 1., 0., 0.],
       [0., 1., 0., ..., 0., 0., 0.],
       [0., 0., 0., ..., 0., 0., 1.]]))
('Test Targets One-hot encoded', array([[0., 0., 0., ..., 0., 0., 1.],
       [0., 0., 0., ..., 0., 1., 0.],
       [0., 0., 0., ..., 0., 0., 0.],
       ...,
       [0., 0., 0., ..., 0., 1., 0.],
       [0., 0., 1., ..., 0., 0., 0.],
       [1., 0., 0., ..., 0., 0., 0.]]))
(17939, 10)
(4485, 10)
('Number of Epochs: ', 1000)
('Training Model: ', 'create_model15')
Train on 14351 samples, validate on 3588 samples
Epoch 1/1000
 - 22s - loss: 2.6212 - acc: 0.1110 - val_loss: 2.6160 - val_acc: 0.1357

Epoch 00001: val_loss improved from inf to 2.61602, saving model to /home/ubuntu/saved_models/create_model152018-03-2034_model.best.from_scratch.hdf5
Epoch 2/1000
 - 20s - loss: 2.6085 - acc: 0.1438 - val_loss: 2.5966 - val_acc: 0.1505

Epoch 00002: val_loss improved from 2.61602 to 2.59661, saving model to /home/ubuntu/saved_models/create_model152018-03-2034_model.best.from_scratch.hdf5
Epoch 3/1000
 - 20s - loss: 2.5746 - acc: 0.1658 - val_loss: 2.5341 - val_acc: 0.2018

Epoch 00003: val_loss improved from 2.59661 to 2.53412, saving model to /home/ubuntu/saved_models/create_model152018-03-2034_model.best.from_scratch.hdf5
Epoch 4/1000
 - 20s - loss: 2.5005 - acc: 0.2007 - val_loss: 2.4545 - val_acc: 0.1920

Epoch 00004: val_loss improved from 2.53412 to 2.45453, saving model to /home/ubuntu/saved_models/create_model152018-03-2034_model.best.from_scratch.hdf5
Epoch 5/1000
 - 20s - loss: 2.4074 - acc: 0.2086 - val_loss: 2.3727 - val_acc: 0.2188

Epoch 00005: val_loss improved from 2.45453 to 2.37267, saving model to /home/ubuntu/saved_models/create_model152018-03-2034_model.best.from_scratch.hdf5
Epoch 6/1000
 - 20s - loss: 2.3280 - acc: 0.2243 - val_loss: 2.3089 - val_acc: 0.2277

Epoch 00006: val_loss improved from 2.37267 to 2.30888, saving model to /home/ubuntu/saved_models/create_model152018-03-2034_model.best.from_scratch.hdf5
Epoch 7/1000
 - 20s - loss: 2.2691 - acc: 0.2371 - val_loss: 2.2530 - val_acc: 0.2363

Epoch 00007: val_loss improved from 2.30888 to 2.25297, saving model to /home/ubuntu/saved_models/create_model152018-03-2034_model.best.from_scratch.hdf5
Epoch 8/1000
 - 20s - loss: 2.2218 - acc: 0.2411 - val_loss: 2.1842 - val_acc: 0.2547

Epoch 00008: val_loss improved from 2.25297 to 2.18419, saving model to /home/ubuntu/saved_models/create_model152018-03-2034_model.best.from_scratch.hdf5
Epoch 9/1000
 - 20s - loss: 2.1773 - acc: 0.2550 - val_loss: 2.1648 - val_acc: 0.2572

Epoch 00009: val_loss improved from 2.18419 to 2.16480, saving model to /home/ubuntu/saved_models/create_model152018-03-2034_model.best.from_scratch.hdf5
Epoch 10/1000
 - 20s - loss: 2.1304 - acc: 0.2661 - val_loss: 2.1236 - val_acc: 0.2692

Epoch 00010: val_loss improved from 2.16480 to 2.12356, saving model to /home/ubuntu/saved_models/create_model152018-03-2034_model.best.from_scratch.hdf5
Epoch 11/1000
 - 20s - loss: 2.0905 - acc: 0.2734 - val_loss: 2.1072 - val_acc: 0.2720

Epoch 00011: val_loss improved from 2.12356 to 2.10725, saving model to /home/ubuntu/saved_models/create_model152018-03-2034_model.best.from_scratch.hdf5
Epoch 12/1000
 - 20s - loss: 2.0518 - acc: 0.3018 - val_loss: 2.0447 - val_acc: 0.3138

Epoch 00012: val_loss improved from 2.10725 to 2.04474, saving model to /home/ubuntu/saved_models/create_model152018-03-2034_model.best.from_scratch.hdf5
Epoch 13/1000
 - 20s - loss: 2.0067 - acc: 0.3348 - val_loss: 2.0069 - val_acc: 0.3489

Epoch 00013: val_loss improved from 2.04474 to 2.00687, saving model to /home/ubuntu/saved_models/create_model152018-03-2034_model.best.from_scratch.hdf5
Epoch 14/1000
 - 20s - loss: 1.9534 - acc: 0.3632 - val_loss: 2.0029 - val_acc: 0.3303

Epoch 00014: val_loss improved from 2.00687 to 2.00290, saving model to /home/ubuntu/saved_models/create_model152018-03-2034_model.best.from_scratch.hdf5
Epoch 15/1000
 - 20s - loss: 1.8882 - acc: 0.3861 - val_loss: 1.9190 - val_acc: 0.3874

Epoch 00015: val_loss improved from 2.00290 to 1.91901, saving model to /home/ubuntu/saved_models/create_model152018-03-2034_model.best.from_scratch.hdf5
Epoch 16/1000
 - 21s - loss: 1.8173 - acc: 0.4091 - val_loss: 1.8295 - val_acc: 0.4225

Epoch 00016: val_loss improved from 1.91901 to 1.82950, saving model to /home/ubuntu/saved_models/create_model152018-03-2034_model.best.from_scratch.hdf5
Epoch 17/1000
 - 21s - loss: 1.7439 - acc: 0.4272 - val_loss: 1.7209 - val_acc: 0.4367

Epoch 00017: val_loss improved from 1.82950 to 1.72088, saving model to /home/ubuntu/saved_models/create_model152018-03-2034_model.best.from_scratch.hdf5
Epoch 18/1000
 - 21s - loss: 1.6839 - acc: 0.4391 - val_loss: 1.6553 - val_acc: 0.4574

Epoch 00018: val_loss improved from 1.72088 to 1.65535, saving model to /home/ubuntu/saved_models/create_model152018-03-2034_model.best.from_scratch.hdf5
Epoch 19/1000
 - 21s - loss: 1.6288 - acc: 0.4532 - val_loss: 1.6805 - val_acc: 0.4309

Epoch 00019: val_loss did not improve
Epoch 20/1000
 - 20s - loss: 1.5858 - acc: 0.4638 - val_loss: 1.6455 - val_acc: 0.4629

Epoch 00020: val_loss improved from 1.65535 to 1.64553, saving model to /home/ubuntu/saved_models/create_model152018-03-2034_model.best.from_scratch.hdf5
Epoch 21/1000
 - 20s - loss: 1.5516 - acc: 0.4903 - val_loss: 1.5735 - val_acc: 0.4844

Epoch 00021: val_loss improved from 1.64553 to 1.57346, saving model to /home/ubuntu/saved_models/create_model152018-03-2034_model.best.from_scratch.hdf5
Epoch 22/1000
 - 20s - loss: 1.5190 - acc: 0.5080 - val_loss: 1.5385 - val_acc: 0.5020

Epoch 00022: val_loss improved from 1.57346 to 1.53855, saving model to /home/ubuntu/saved_models/create_model152018-03-2034_model.best.from_scratch.hdf5
Epoch 23/1000
 - 21s - loss: 1.4877 - acc: 0.5142 - val_loss: 1.5200 - val_acc: 0.4880

Epoch 00023: val_loss improved from 1.53855 to 1.51999, saving model to /home/ubuntu/saved_models/create_model152018-03-2034_model.best.from_scratch.hdf5
Epoch 24/1000
 - 20s - loss: 1.4569 - acc: 0.5242 - val_loss: 1.4889 - val_acc: 0.5248

Epoch 00024: val_loss improved from 1.51999 to 1.48891, saving model to /home/ubuntu/saved_models/create_model152018-03-2034_model.best.from_scratch.hdf5
Epoch 25/1000
 - 21s - loss: 1.4241 - acc: 0.5418 - val_loss: 1.4426 - val_acc: 0.5376

Epoch 00025: val_loss improved from 1.48891 to 1.44258, saving model to /home/ubuntu/saved_models/create_model152018-03-2034_model.best.from_scratch.hdf5
Epoch 26/1000
 - 20s - loss: 1.3913 - acc: 0.5498 - val_loss: 1.4467 - val_acc: 0.5454

Epoch 00026: val_loss did not improve
Epoch 27/1000
 - 20s - loss: 1.3628 - acc: 0.5632 - val_loss: 1.4506 - val_acc: 0.5396

Epoch 00027: val_loss did not improve
Epoch 28/1000
 - 21s - loss: 1.3379 - acc: 0.5759 - val_loss: 1.3735 - val_acc: 0.5680

Epoch 00028: val_loss improved from 1.44258 to 1.37349, saving model to /home/ubuntu/saved_models/create_model152018-03-2034_model.best.from_scratch.hdf5
Epoch 29/1000
 - 21s - loss: 1.3112 - acc: 0.5860 - val_loss: 1.3581 - val_acc: 0.5747

Epoch 00029: val_loss improved from 1.37349 to 1.35806, saving model to /home/ubuntu/saved_models/create_model152018-03-2034_model.best.from_scratch.hdf5
Epoch 30/1000
 - 20s - loss: 1.2880 - acc: 0.5937 - val_loss: 1.3328 - val_acc: 0.5878

Epoch 00030: val_loss improved from 1.35806 to 1.33276, saving model to /home/ubuntu/saved_models/create_model152018-03-2034_model.best.from_scratch.hdf5
Epoch 31/1000
 - 20s - loss: 1.2650 - acc: 0.6066 - val_loss: 1.3187 - val_acc: 0.5925

Epoch 00031: val_loss improved from 1.33276 to 1.31869, saving model to /home/ubuntu/saved_models/create_model152018-03-2034_model.best.from_scratch.hdf5
Epoch 32/1000
 - 21s - loss: 1.2427 - acc: 0.6119 - val_loss: 1.2884 - val_acc: 0.6106

Epoch 00032: val_loss improved from 1.31869 to 1.28837, saving model to /home/ubuntu/saved_models/create_model152018-03-2034_model.best.from_scratch.hdf5
Epoch 33/1000
 - 20s - loss: 1.2228 - acc: 0.6249 - val_loss: 1.2767 - val_acc: 0.6151

Epoch 00033: val_loss improved from 1.28837 to 1.27671, saving model to /home/ubuntu/saved_models/create_model152018-03-2034_model.best.from_scratch.hdf5
Epoch 34/1000
 - 20s - loss: 1.2046 - acc: 0.6342 - val_loss: 1.3006 - val_acc: 0.5906

Epoch 00034: val_loss did not improve
Epoch 35/1000
 - 21s - loss: 1.1860 - acc: 0.6443 - val_loss: 1.2816 - val_acc: 0.5936

Epoch 00035: val_loss did not improve
Epoch 36/1000
 - 21s - loss: 1.1622 - acc: 0.6559 - val_loss: 1.3031 - val_acc: 0.5989

Epoch 00036: val_loss did not improve
Epoch 37/1000
 - 21s - loss: 1.1456 - acc: 0.6643 - val_loss: 1.2179 - val_acc: 0.6329

Epoch 00037: val_loss improved from 1.27671 to 1.21787, saving model to /home/ubuntu/saved_models/create_model152018-03-2034_model.best.from_scratch.hdf5
Epoch 38/1000
 - 20s - loss: 1.1246 - acc: 0.6785 - val_loss: 1.2335 - val_acc: 0.6296

Epoch 00038: val_loss did not improve
Epoch 39/1000
 - 21s - loss: 1.1053 - acc: 0.6883 - val_loss: 1.2074 - val_acc: 0.6402

Epoch 00039: val_loss improved from 1.21787 to 1.20743, saving model to /home/ubuntu/saved_models/create_model152018-03-2034_model.best.from_scratch.hdf5
Epoch 40/1000
 - 20s - loss: 1.0839 - acc: 0.6988 - val_loss: 1.1889 - val_acc: 0.6474

Epoch 00040: val_loss improved from 1.20743 to 1.18892, saving model to /home/ubuntu/saved_models/create_model152018-03-2034_model.best.from_scratch.hdf5
Epoch 41/1000
 - 20s - loss: 1.0672 - acc: 0.6999 - val_loss: 1.2036 - val_acc: 0.6472

Epoch 00041: val_loss did not improve
Epoch 42/1000
 - 20s - loss: 1.0514 - acc: 0.7149 - val_loss: 1.1654 - val_acc: 0.6516

Epoch 00042: val_loss improved from 1.18892 to 1.16544, saving model to /home/ubuntu/saved_models/create_model152018-03-2034_model.best.from_scratch.hdf5
Epoch 43/1000
 - 20s - loss: 1.0357 - acc: 0.7160 - val_loss: 1.1262 - val_acc: 0.6806

Epoch 00043: val_loss improved from 1.16544 to 1.12615, saving model to /home/ubuntu/saved_models/create_model152018-03-2034_model.best.from_scratch.hdf5
Epoch 44/1000
 - 20s - loss: 1.0210 - acc: 0.7241 - val_loss: 1.1394 - val_acc: 0.6750

Epoch 00044: val_loss did not improve
Epoch 45/1000
 - 20s - loss: 1.0068 - acc: 0.7266 - val_loss: 1.1283 - val_acc: 0.6711

Epoch 00045: val_loss did not improve
Epoch 46/1000
 - 20s - loss: 0.9944 - acc: 0.7335 - val_loss: 1.1101 - val_acc: 0.6826

Epoch 00046: val_loss improved from 1.12615 to 1.11010, saving model to /home/ubuntu/saved_models/create_model152018-03-2034_model.best.from_scratch.hdf5
Epoch 47/1000
 - 20s - loss: 0.9811 - acc: 0.7370 - val_loss: 1.0977 - val_acc: 0.6915

Epoch 00047: val_loss improved from 1.11010 to 1.09765, saving model to /home/ubuntu/saved_models/create_model152018-03-2034_model.best.from_scratch.hdf5
Epoch 48/1000
 - 20s - loss: 0.9721 - acc: 0.7398 - val_loss: 1.1382 - val_acc: 0.6734

Epoch 00048: val_loss did not improve
Epoch 49/1000
 - 20s - loss: 0.9605 - acc: 0.7452 - val_loss: 1.1004 - val_acc: 0.6954

Epoch 00049: val_loss did not improve
Epoch 50/1000
 - 20s - loss: 0.9494 - acc: 0.7483 - val_loss: 1.0701 - val_acc: 0.7096

Epoch 00050: val_loss improved from 1.09765 to 1.07007, saving model to /home/ubuntu/saved_models/create_model152018-03-2034_model.best.from_scratch.hdf5
Epoch 51/1000
 - 20s - loss: 0.9415 - acc: 0.7531 - val_loss: 1.0612 - val_acc: 0.7043

Epoch 00051: val_loss improved from 1.07007 to 1.06124, saving model to /home/ubuntu/saved_models/create_model152018-03-2034_model.best.from_scratch.hdf5
Epoch 52/1000
 - 20s - loss: 0.9325 - acc: 0.7560 - val_loss: 1.0775 - val_acc: 0.6987

Epoch 00052: val_loss did not improve
Epoch 53/1000
 - 20s - loss: 0.9251 - acc: 0.7587 - val_loss: 1.0747 - val_acc: 0.7135

Epoch 00053: val_loss did not improve
Epoch 54/1000
 - 20s - loss: 0.9141 - acc: 0.7617 - val_loss: 1.0682 - val_acc: 0.6945

Epoch 00054: val_loss did not improve
Epoch 55/1000
 - 21s - loss: 0.9051 - acc: 0.7675 - val_loss: 1.0800 - val_acc: 0.7032

Epoch 00055: val_loss did not improve
Epoch 56/1000
 - 20s - loss: 0.8967 - acc: 0.7693 - val_loss: 1.0433 - val_acc: 0.7207

Epoch 00056: val_loss improved from 1.06124 to 1.04326, saving model to /home/ubuntu/saved_models/create_model152018-03-2034_model.best.from_scratch.hdf5
Epoch 57/1000
 - 20s - loss: 0.8868 - acc: 0.7725 - val_loss: 1.0321 - val_acc: 0.7168

Epoch 00057: val_loss improved from 1.04326 to 1.03206, saving model to /home/ubuntu/saved_models/create_model152018-03-2034_model.best.from_scratch.hdf5
Epoch 58/1000
 - 20s - loss: 0.8803 - acc: 0.7757 - val_loss: 1.0358 - val_acc: 0.7185

Epoch 00058: val_loss did not improve
Epoch 59/1000
 - 20s - loss: 0.8719 - acc: 0.7820 - val_loss: 1.0339 - val_acc: 0.7135

Epoch 00059: val_loss did not improve
Epoch 60/1000
 - 20s - loss: 0.8630 - acc: 0.7822 - val_loss: 1.0823 - val_acc: 0.6892

Epoch 00060: val_loss did not improve
Epoch 61/1000
 - 20s - loss: 0.8547 - acc: 0.7857 - val_loss: 1.0549 - val_acc: 0.7196

Epoch 00061: val_loss did not improve
Epoch 62/1000
 - 20s - loss: 0.8513 - acc: 0.7910 - val_loss: 1.0025 - val_acc: 0.7450

Epoch 00062: val_loss improved from 1.03206 to 1.00245, saving model to /home/ubuntu/saved_models/create_model152018-03-2034_model.best.from_scratch.hdf5
Epoch 63/1000
 - 20s - loss: 0.8408 - acc: 0.7966 - val_loss: 1.0278 - val_acc: 0.7352

Epoch 00063: val_loss did not improve
Epoch 64/1000
 - 20s - loss: 0.8371 - acc: 0.7983 - val_loss: 1.0223 - val_acc: 0.7389

Epoch 00064: val_loss did not improve
Epoch 65/1000
 - 20s - loss: 0.8288 - acc: 0.8036 - val_loss: 1.0320 - val_acc: 0.7492

Epoch 00065: val_loss did not improve
Epoch 66/1000
 - 24s - loss: 0.8237 - acc: 0.8045 - val_loss: 1.0090 - val_acc: 0.7397

Epoch 00066: val_loss did not improve
Epoch 67/1000
 - 20s - loss: 0.8150 - acc: 0.8105 - val_loss: 1.0397 - val_acc: 0.7341

Epoch 00067: val_loss did not improve
Epoch 68/1000
 - 20s - loss: 0.8075 - acc: 0.8158 - val_loss: 1.0803 - val_acc: 0.7113

Epoch 00068: val_loss did not improve
Epoch 69/1000
 - 20s - loss: 0.8024 - acc: 0.8162 - val_loss: 1.0430 - val_acc: 0.7450

Epoch 00069: val_loss did not improve
Epoch 70/1000
 - 20s - loss: 0.7965 - acc: 0.8222 - val_loss: 0.9757 - val_acc: 0.7623

Epoch 00070: val_loss improved from 1.00245 to 0.97575, saving model to /home/ubuntu/saved_models/create_model152018-03-2034_model.best.from_scratch.hdf5
Epoch 71/1000
 - 20s - loss: 0.7911 - acc: 0.8222 - val_loss: 1.0579 - val_acc: 0.7232

Epoch 00071: val_loss did not improve
Epoch 72/1000
 - 20s - loss: 0.7858 - acc: 0.8261 - val_loss: 1.0378 - val_acc: 0.7508

Epoch 00072: val_loss did not improve
Epoch 73/1000
 - 20s - loss: 0.7757 - acc: 0.8321 - val_loss: 1.0253 - val_acc: 0.7472

Epoch 00073: val_loss did not improve
Epoch 74/1000
 - 20s - loss: 0.7724 - acc: 0.8331 - val_loss: 0.9720 - val_acc: 0.7712

Epoch 00074: val_loss improved from 0.97575 to 0.97203, saving model to /home/ubuntu/saved_models/create_model152018-03-2034_model.best.from_scratch.hdf5
Epoch 75/1000
 - 20s - loss: 0.7652 - acc: 0.8382 - val_loss: 0.9677 - val_acc: 0.7818

Epoch 00075: val_loss improved from 0.97203 to 0.96766, saving model to /home/ubuntu/saved_models/create_model152018-03-2034_model.best.from_scratch.hdf5
Epoch 76/1000
 - 20s - loss: 0.7602 - acc: 0.8399 - val_loss: 0.9615 - val_acc: 0.7809

Epoch 00076: val_loss improved from 0.96766 to 0.96148, saving model to /home/ubuntu/saved_models/create_model152018-03-2034_model.best.from_scratch.hdf5
Epoch 77/1000
 - 20s - loss: 0.7514 - acc: 0.8434 - val_loss: 0.9943 - val_acc: 0.7742

Epoch 00077: val_loss did not improve
Epoch 78/1000
 - 20s - loss: 0.7480 - acc: 0.8439 - val_loss: 0.9726 - val_acc: 0.7681

Epoch 00078: val_loss did not improve
Epoch 79/1000
 - 20s - loss: 0.7422 - acc: 0.8519 - val_loss: 0.9444 - val_acc: 0.7912

Epoch 00079: val_loss improved from 0.96148 to 0.94438, saving model to /home/ubuntu/saved_models/create_model152018-03-2034_model.best.from_scratch.hdf5
Epoch 80/1000
 - 20s - loss: 0.7375 - acc: 0.8514 - val_loss: 0.9502 - val_acc: 0.7940

Epoch 00080: val_loss did not improve
Epoch 81/1000
 - 20s - loss: 0.7295 - acc: 0.8584 - val_loss: 0.9668 - val_acc: 0.7834

Epoch 00081: val_loss did not improve
Epoch 82/1000
 - 20s - loss: 0.7250 - acc: 0.8574 - val_loss: 0.9981 - val_acc: 0.7826

Epoch 00082: val_loss did not improve
Epoch 83/1000
 - 20s - loss: 0.7190 - acc: 0.8650 - val_loss: 0.9272 - val_acc: 0.7965

Epoch 00083: val_loss improved from 0.94438 to 0.92722, saving model to /home/ubuntu/saved_models/create_model152018-03-2034_model.best.from_scratch.hdf5
Epoch 84/1000
 - 20s - loss: 0.7147 - acc: 0.8653 - val_loss: 1.2517 - val_acc: 0.7062

Epoch 00084: val_loss did not improve
Epoch 85/1000
 - 20s - loss: 0.7081 - acc: 0.8685 - val_loss: 0.9365 - val_acc: 0.8027

Epoch 00085: val_loss did not improve
Epoch 86/1000
 - 20s - loss: 0.6993 - acc: 0.8728 - val_loss: 1.0303 - val_acc: 0.7603

Epoch 00086: val_loss did not improve
Epoch 87/1000
 - 20s - loss: 0.6938 - acc: 0.8734 - val_loss: 0.9385 - val_acc: 0.8080

Epoch 00087: val_loss did not improve
Epoch 88/1000
 - 21s - loss: 0.6902 - acc: 0.8743 - val_loss: 1.0028 - val_acc: 0.7843

Epoch 00088: val_loss did not improve
Epoch 89/1000
 - 20s - loss: 0.6835 - acc: 0.8802 - val_loss: 0.9064 - val_acc: 0.8088

Epoch 00089: val_loss improved from 0.92722 to 0.90640, saving model to /home/ubuntu/saved_models/create_model152018-03-2034_model.best.from_scratch.hdf5
Epoch 90/1000
 - 20s - loss: 0.6761 - acc: 0.8847 - val_loss: 0.9582 - val_acc: 0.7963

Epoch 00090: val_loss did not improve
Epoch 91/1000
 - 20s - loss: 0.6721 - acc: 0.8873 - val_loss: 0.9584 - val_acc: 0.8024

Epoch 00091: val_loss did not improve
Epoch 92/1000
 - 20s - loss: 0.6644 - acc: 0.8877 - val_loss: 0.9428 - val_acc: 0.8057

Epoch 00092: val_loss did not improve
Epoch 93/1000
 - 20s - loss: 0.6629 - acc: 0.8907 - val_loss: 0.9429 - val_acc: 0.8032

Epoch 00093: val_loss did not improve
Epoch 94/1000
 - 20s - loss: 0.6572 - acc: 0.8923 - val_loss: 0.9192 - val_acc: 0.8110

Epoch 00094: val_loss did not improve
Epoch 95/1000
 - 20s - loss: 0.6503 - acc: 0.8940 - val_loss: 0.8829 - val_acc: 0.8342

Epoch 00095: val_loss improved from 0.90640 to 0.88289, saving model to /home/ubuntu/saved_models/create_model152018-03-2034_model.best.from_scratch.hdf5
Epoch 96/1000
 - 20s - loss: 0.6462 - acc: 0.8962 - val_loss: 0.9446 - val_acc: 0.8105

Epoch 00096: val_loss did not improve
Epoch 97/1000
 - 20s - loss: 0.6383 - acc: 0.8994 - val_loss: 0.9346 - val_acc: 0.8127

Epoch 00097: val_loss did not improve
Epoch 98/1000
 - 20s - loss: 0.6373 - acc: 0.8997 - val_loss: 0.8969 - val_acc: 0.8169

Epoch 00098: val_loss did not improve
Epoch 99/1000
 - 20s - loss: 0.6315 - acc: 0.8997 - val_loss: 0.9908 - val_acc: 0.8013

Epoch 00099: val_loss did not improve
Epoch 100/1000
 - 20s - loss: 0.6248 - acc: 0.9040 - val_loss: 0.8542 - val_acc: 0.8347

Epoch 00100: val_loss improved from 0.88289 to 0.85423, saving model to /home/ubuntu/saved_models/create_model152018-03-2034_model.best.from_scratch.hdf5
Epoch 101/1000
 - 20s - loss: 0.6247 - acc: 0.9045 - val_loss: 0.8992 - val_acc: 0.8294

Epoch 00101: val_loss did not improve
Epoch 102/1000
 - 20s - loss: 0.6193 - acc: 0.9062 - val_loss: 0.8991 - val_acc: 0.8191

Epoch 00102: val_loss did not improve
Epoch 103/1000
 - 20s - loss: 0.6149 - acc: 0.9081 - val_loss: 0.9698 - val_acc: 0.7982

Epoch 00103: val_loss did not improve
Epoch 104/1000
 - 20s - loss: 0.6105 - acc: 0.9091 - val_loss: 0.8819 - val_acc: 0.8294

Epoch 00104: val_loss did not improve
Epoch 105/1000
 - 20s - loss: 0.6057 - acc: 0.9104 - val_loss: 0.8911 - val_acc: 0.8325

Epoch 00105: val_loss did not improve
Epoch 106/1000
 - 21s - loss: 0.5995 - acc: 0.9118 - val_loss: 0.8821 - val_acc: 0.8384

Epoch 00106: val_loss did not improve
Epoch 107/1000
 - 20s - loss: 0.5962 - acc: 0.9130 - val_loss: 0.8937 - val_acc: 0.8200

Epoch 00107: val_loss did not improve
Epoch 108/1000
 - 20s - loss: 0.5949 - acc: 0.9161 - val_loss: 0.8817 - val_acc: 0.8353

Epoch 00108: val_loss did not improve
Epoch 109/1000
 - 20s - loss: 0.5913 - acc: 0.9159 - val_loss: 0.9141 - val_acc: 0.8186

Epoch 00109: val_loss did not improve
Epoch 110/1000
 - 20s - loss: 0.5873 - acc: 0.9179 - val_loss: 0.9014 - val_acc: 0.8303

Epoch 00110: val_loss did not improve
Epoch 111/1000
 - 20s - loss: 0.5846 - acc: 0.9168 - val_loss: 0.8579 - val_acc: 0.8445

Epoch 00111: val_loss did not improve
Epoch 112/1000
 - 20s - loss: 0.5796 - acc: 0.9208 - val_loss: 0.8937 - val_acc: 0.8250

Epoch 00112: val_loss did not improve
Epoch 113/1000
 - 21s - loss: 0.5772 - acc: 0.9195 - val_loss: 0.8182 - val_acc: 0.8517

Epoch 00113: val_loss improved from 0.85423 to 0.81820, saving model to /home/ubuntu/saved_models/create_model152018-03-2034_model.best.from_scratch.hdf5
Epoch 114/1000
 - 21s - loss: 0.5803 - acc: 0.9201 - val_loss: 0.9231 - val_acc: 0.8294

Epoch 00114: val_loss did not improve
Epoch 115/1000
 - 20s - loss: 0.5753 - acc: 0.9220 - val_loss: 0.8631 - val_acc: 0.8397

Epoch 00115: val_loss did not improve
Epoch 116/1000
 - 20s - loss: 0.5695 - acc: 0.9239 - val_loss: 0.8281 - val_acc: 0.8506

Epoch 00116: val_loss did not improve
Epoch 117/1000
 - 20s - loss: 0.5655 - acc: 0.9246 - val_loss: 0.8181 - val_acc: 0.8556

Epoch 00117: val_loss improved from 0.81820 to 0.81806, saving model to /home/ubuntu/saved_models/create_model152018-03-2034_model.best.from_scratch.hdf5
Epoch 118/1000
 - 20s - loss: 0.5652 - acc: 0.9239 - val_loss: 0.8393 - val_acc: 0.8420

Epoch 00118: val_loss did not improve
Epoch 119/1000
 - 20s - loss: 0.5611 - acc: 0.9247 - val_loss: 0.8677 - val_acc: 0.8431

Epoch 00119: val_loss did not improve
Epoch 120/1000
 - 20s - loss: 0.5582 - acc: 0.9270 - val_loss: 0.9621 - val_acc: 0.8250

Epoch 00120: val_loss did not improve
Epoch 121/1000
 - 20s - loss: 0.5543 - acc: 0.9278 - val_loss: 0.8351 - val_acc: 0.8411

Epoch 00121: val_loss did not improve
Epoch 122/1000
 - 20s - loss: 0.5538 - acc: 0.9254 - val_loss: 0.8215 - val_acc: 0.8540

Epoch 00122: val_loss did not improve
Epoch 123/1000
 - 20s - loss: 0.5508 - acc: 0.9273 - val_loss: 0.8243 - val_acc: 0.8587

Epoch 00123: val_loss did not improve
Epoch 124/1000
 - 21s - loss: 0.5475 - acc: 0.9277 - val_loss: 0.8070 - val_acc: 0.8629

Epoch 00124: val_loss improved from 0.81806 to 0.80697, saving model to /home/ubuntu/saved_models/create_model152018-03-2034_model.best.from_scratch.hdf5
Epoch 125/1000
 - 21s - loss: 0.5458 - acc: 0.9278 - val_loss: 0.8403 - val_acc: 0.8467

Epoch 00125: val_loss did not improve
Epoch 126/1000
 - 21s - loss: 0.5432 - acc: 0.9305 - val_loss: 0.8781 - val_acc: 0.8378

Epoch 00126: val_loss did not improve
Epoch 127/1000
 - 21s - loss: 0.5419 - acc: 0.9273 - val_loss: 0.9078 - val_acc: 0.8420

Epoch 00127: val_loss did not improve
Epoch 128/1000
 - 21s - loss: 0.5392 - acc: 0.9306 - val_loss: 0.8501 - val_acc: 0.8423

Epoch 00128: val_loss did not improve
Epoch 129/1000
 - 21s - loss: 0.5391 - acc: 0.9314 - val_loss: 0.8311 - val_acc: 0.8487

Epoch 00129: val_loss did not improve
Epoch 130/1000
 - 21s - loss: 0.5366 - acc: 0.9317 - val_loss: 0.8172 - val_acc: 0.8606

Epoch 00130: val_loss did not improve
Epoch 131/1000
 - 21s - loss: 0.5352 - acc: 0.9342 - val_loss: 0.7886 - val_acc: 0.8687

Epoch 00131: val_loss improved from 0.80697 to 0.78864, saving model to /home/ubuntu/saved_models/create_model152018-03-2034_model.best.from_scratch.hdf5
Epoch 132/1000
 - 21s - loss: 0.5303 - acc: 0.9337 - val_loss: 0.8745 - val_acc: 0.8473

Epoch 00132: val_loss did not improve
Epoch 133/1000
 - 21s - loss: 0.5290 - acc: 0.9334 - val_loss: 0.8033 - val_acc: 0.8665

Epoch 00133: val_loss did not improve
Epoch 134/1000
 - 21s - loss: 0.5246 - acc: 0.9347 - val_loss: 0.7845 - val_acc: 0.8665

Epoch 00134: val_loss improved from 0.78864 to 0.78451, saving model to /home/ubuntu/saved_models/create_model152018-03-2034_model.best.from_scratch.hdf5
Epoch 135/1000
 - 21s - loss: 0.5212 - acc: 0.9357 - val_loss: 0.8455 - val_acc: 0.8531

Epoch 00135: val_loss did not improve
Epoch 136/1000
 - 21s - loss: 0.5197 - acc: 0.9372 - val_loss: 0.7909 - val_acc: 0.8623

Epoch 00136: val_loss did not improve
Epoch 137/1000
 - 21s - loss: 0.5225 - acc: 0.9369 - val_loss: 0.8615 - val_acc: 0.8514

Epoch 00137: val_loss did not improve
Epoch 138/1000
 - 21s - loss: 0.5180 - acc: 0.9360 - val_loss: 0.8057 - val_acc: 0.8629

Epoch 00138: val_loss did not improve
Epoch 139/1000
 - 21s - loss: 0.5139 - acc: 0.9373 - val_loss: 0.8294 - val_acc: 0.8576

Epoch 00139: val_loss did not improve
Epoch 140/1000
 - 21s - loss: 0.5170 - acc: 0.9369 - val_loss: 0.8290 - val_acc: 0.8606

Epoch 00140: val_loss did not improve
Epoch 141/1000
 - 21s - loss: 0.5121 - acc: 0.9386 - val_loss: 0.8641 - val_acc: 0.8484

Epoch 00141: val_loss did not improve
Epoch 142/1000
 - 21s - loss: 0.5112 - acc: 0.9403 - val_loss: 0.8269 - val_acc: 0.8645

Epoch 00142: val_loss did not improve
Epoch 143/1000
 - 21s - loss: 0.5113 - acc: 0.9385 - val_loss: 0.8880 - val_acc: 0.8470

Epoch 00143: val_loss did not improve
Epoch 144/1000
 - 21s - loss: 0.5097 - acc: 0.9383 - val_loss: 0.8620 - val_acc: 0.8545

Epoch 00144: val_loss did not improve
Epoch 145/1000
 - 21s - loss: 0.5080 - acc: 0.9394 - val_loss: 0.8437 - val_acc: 0.8495

Epoch 00145: val_loss did not improve
Epoch 146/1000
 - 21s - loss: 0.5079 - acc: 0.9390 - val_loss: 0.8285 - val_acc: 0.8671

Epoch 00146: val_loss did not improve
Epoch 147/1000
 - 21s - loss: 0.5054 - acc: 0.9394 - val_loss: 0.8721 - val_acc: 0.8523

Epoch 00147: val_loss did not improve
Epoch 148/1000
 - 20s - loss: 0.5040 - acc: 0.9405 - val_loss: 0.8866 - val_acc: 0.8395

Epoch 00148: val_loss did not improve
Epoch 149/1000
 - 21s - loss: 0.4992 - acc: 0.9418 - val_loss: 0.8698 - val_acc: 0.8456

Epoch 00149: val_loss did not improve
Epoch 150/1000
 - 21s - loss: 0.4986 - acc: 0.9407 - val_loss: 0.8380 - val_acc: 0.8629

Epoch 00150: val_loss did not improve
Epoch 151/1000
 - 21s - loss: 0.4994 - acc: 0.9430 - val_loss: 0.7997 - val_acc: 0.8710

Epoch 00151: val_loss did not improve
Epoch 152/1000
 - 21s - loss: 0.4997 - acc: 0.9429 - val_loss: 0.8529 - val_acc: 0.8554

Epoch 00152: val_loss did not improve
Epoch 153/1000
 - 21s - loss: 0.4953 - acc: 0.9441 - val_loss: 0.8317 - val_acc: 0.8604

Epoch 00153: val_loss did not improve
Epoch 154/1000
 - 21s - loss: 0.4973 - acc: 0.9441 - val_loss: 0.8463 - val_acc: 0.8542

Epoch 00154: val_loss did not improve
Epoch 155/1000
 - 20s - loss: 0.4953 - acc: 0.9444 - val_loss: 0.8906 - val_acc: 0.8484

Epoch 00155: val_loss did not improve
Epoch 156/1000
 - 20s - loss: 0.4932 - acc: 0.9438 - val_loss: 0.8845 - val_acc: 0.8520

Epoch 00156: val_loss did not improve
Epoch 157/1000
 - 20s - loss: 0.4898 - acc: 0.9448 - val_loss: 0.8712 - val_acc: 0.8464

Epoch 00157: val_loss did not improve
Epoch 158/1000
 - 20s - loss: 0.4905 - acc: 0.9431 - val_loss: 0.9303 - val_acc: 0.8392

Epoch 00158: val_loss did not improve
Epoch 159/1000
 - 21s - loss: 0.4904 - acc: 0.9454 - val_loss: 0.8270 - val_acc: 0.8718

Epoch 00159: val_loss did not improve
Epoch 160/1000
 - 21s - loss: 0.4912 - acc: 0.9449 - val_loss: 0.9327 - val_acc: 0.8453

Epoch 00160: val_loss did not improve
Epoch 161/1000
 - 21s - loss: 0.4870 - acc: 0.9452 - val_loss: 0.8310 - val_acc: 0.8651

Epoch 00161: val_loss did not improve
Epoch 162/1000
 - 21s - loss: 0.4879 - acc: 0.9438 - val_loss: 0.8690 - val_acc: 0.8601

Epoch 00162: val_loss did not improve
Epoch 163/1000
 - 21s - loss: 0.4847 - acc: 0.9448 - val_loss: 0.8429 - val_acc: 0.8606

Epoch 00163: val_loss did not improve
Epoch 164/1000
 - 21s - loss: 0.4867 - acc: 0.9464 - val_loss: 0.8200 - val_acc: 0.8668

Epoch 00164: val_loss did not improve
Epoch 165/1000
 - 21s - loss: 0.4852 - acc: 0.9480 - val_loss: 0.8335 - val_acc: 0.8606

Epoch 00165: val_loss did not improve
Epoch 166/1000
 - 21s - loss: 0.4809 - acc: 0.9486 - val_loss: 0.8263 - val_acc: 0.8668

Epoch 00166: val_loss did not improve
Epoch 167/1000
 - 20s - loss: 0.4838 - acc: 0.9475 - val_loss: 0.8436 - val_acc: 0.8645

Epoch 00167: val_loss did not improve
Epoch 168/1000
 - 20s - loss: 0.4781 - acc: 0.9480 - val_loss: 0.8493 - val_acc: 0.8632

Epoch 00168: val_loss did not improve
Epoch 169/1000
 - 20s - loss: 0.4804 - acc: 0.9479 - val_loss: 0.8602 - val_acc: 0.8615

Epoch 00169: val_loss did not improve
Epoch 170/1000
 - 20s - loss: 0.4808 - acc: 0.9448 - val_loss: 0.8386 - val_acc: 0.8651

Epoch 00170: val_loss did not improve
Epoch 171/1000
 - 20s - loss: 0.4753 - acc: 0.9499 - val_loss: 0.8484 - val_acc: 0.8590

Epoch 00171: val_loss did not improve
Epoch 172/1000
 - 20s - loss: 0.4760 - acc: 0.9463 - val_loss: 0.8477 - val_acc: 0.8567

Epoch 00172: val_loss did not improve
Epoch 173/1000
 - 20s - loss: 0.4759 - acc: 0.9528 - val_loss: 0.8411 - val_acc: 0.8648

Epoch 00173: val_loss did not improve
Epoch 174/1000
 - 20s - loss: 0.4753 - acc: 0.9482 - val_loss: 0.8660 - val_acc: 0.8598

Epoch 00174: val_loss did not improve
Epoch 175/1000
 - 20s - loss: 0.4744 - acc: 0.9488 - val_loss: 0.8203 - val_acc: 0.8643

Epoch 00175: val_loss did not improve
Epoch 176/1000
 - 20s - loss: 0.4749 - acc: 0.9488 - val_loss: 0.8440 - val_acc: 0.8620

Epoch 00176: val_loss did not improve
Epoch 177/1000
 - 21s - loss: 0.4722 - acc: 0.9498 - val_loss: 0.8489 - val_acc: 0.8579

Epoch 00177: val_loss did not improve
Epoch 178/1000
 - 20s - loss: 0.4744 - acc: 0.9498 - val_loss: 0.9258 - val_acc: 0.8534

Epoch 00178: val_loss did not improve
Epoch 179/1000
 - 20s - loss: 0.4661 - acc: 0.9521 - val_loss: 0.8368 - val_acc: 0.8696

Epoch 00179: val_loss did not improve
Epoch 180/1000
 - 20s - loss: 0.4720 - acc: 0.9511 - val_loss: 0.8766 - val_acc: 0.8632

Epoch 00180: val_loss did not improve
Epoch 181/1000
 - 20s - loss: 0.4678 - acc: 0.9540 - val_loss: 0.8917 - val_acc: 0.8570

Epoch 00181: val_loss did not improve
Epoch 182/1000
 - 20s - loss: 0.4659 - acc: 0.9534 - val_loss: 0.8941 - val_acc: 0.8576

Epoch 00182: val_loss did not improve
Epoch 183/1000
 - 20s - loss: 0.4663 - acc: 0.9530 - val_loss: 0.9072 - val_acc: 0.8514

Epoch 00183: val_loss did not improve
Epoch 184/1000
 - 20s - loss: 0.4670 - acc: 0.9517 - val_loss: 0.8670 - val_acc: 0.8645

Epoch 00184: val_loss did not improve
Epoch 185/1000
 - 20s - loss: 0.4683 - acc: 0.9516 - val_loss: 0.8368 - val_acc: 0.8645

Epoch 00185: val_loss did not improve
Epoch 186/1000
 - 20s - loss: 0.4659 - acc: 0.9532 - val_loss: 0.8457 - val_acc: 0.8668

Epoch 00186: val_loss did not improve
Epoch 187/1000
 - 20s - loss: 0.4692 - acc: 0.9487 - val_loss: 0.9045 - val_acc: 0.8495

Epoch 00187: val_loss did not improve
Epoch 188/1000
 - 20s - loss: 0.4620 - acc: 0.9548 - val_loss: 0.8802 - val_acc: 0.8517

Epoch 00188: val_loss did not improve
Epoch 189/1000
 - 20s - loss: 0.4630 - acc: 0.9538 - val_loss: 0.8617 - val_acc: 0.8640

Epoch 00189: val_loss did not improve
Epoch 190/1000
 - 20s - loss: 0.4621 - acc: 0.9540 - val_loss: 0.8740 - val_acc: 0.8632

Epoch 00190: val_loss did not improve
Epoch 191/1000
 - 20s - loss: 0.4624 - acc: 0.9532 - val_loss: 1.0572 - val_acc: 0.8255

Epoch 00191: val_loss did not improve
Epoch 192/1000
 - 20s - loss: 0.4626 - acc: 0.9526 - val_loss: 0.8721 - val_acc: 0.8593

Epoch 00192: val_loss did not improve
Epoch 193/1000
 - 20s - loss: 0.4600 - acc: 0.9548 - val_loss: 0.8705 - val_acc: 0.8632

Epoch 00193: val_loss did not improve
Epoch 194/1000
 - 20s - loss: 0.4620 - acc: 0.9544 - val_loss: 0.8820 - val_acc: 0.8615

Epoch 00194: val_loss did not improve
Epoch 195/1000
 - 20s - loss: 0.4581 - acc: 0.9530 - val_loss: 0.8704 - val_acc: 0.8612

Epoch 00195: val_loss did not improve
Epoch 196/1000
 - 20s - loss: 0.4622 - acc: 0.9539 - val_loss: 0.8721 - val_acc: 0.8676

Epoch 00196: val_loss did not improve
Epoch 197/1000
 - 20s - loss: 0.4606 - acc: 0.9526 - val_loss: 0.9355 - val_acc: 0.8459

Epoch 00197: val_loss did not improve
Epoch 198/1000
 - 20s - loss: 0.4567 - acc: 0.9541 - val_loss: 0.8477 - val_acc: 0.8707

Epoch 00198: val_loss did not improve
Epoch 199/1000
 - 20s - loss: 0.4573 - acc: 0.9545 - val_loss: 0.9091 - val_acc: 0.8606

Epoch 00199: val_loss did not improve
Epoch 200/1000
 - 20s - loss: 0.4556 - acc: 0.9550 - val_loss: 0.9455 - val_acc: 0.8478

Epoch 00200: val_loss did not improve
Epoch 201/1000
 - 20s - loss: 0.4562 - acc: 0.9554 - val_loss: 0.9841 - val_acc: 0.8445

Epoch 00201: val_loss did not improve
Epoch 202/1000
 - 20s - loss: 0.4548 - acc: 0.9569 - val_loss: 0.8649 - val_acc: 0.8654

Epoch 00202: val_loss did not improve
Epoch 203/1000
 - 20s - loss: 0.4533 - acc: 0.9556 - val_loss: 0.8637 - val_acc: 0.8743

Epoch 00203: val_loss did not improve
Epoch 204/1000
 - 20s - loss: 0.4522 - acc: 0.9555 - val_loss: 0.9642 - val_acc: 0.8487

Epoch 00204: val_loss did not improve
Epoch 205/1000
 - 20s - loss: 0.4568 - acc: 0.9547 - val_loss: 0.9504 - val_acc: 0.8509

Epoch 00205: val_loss did not improve
Epoch 206/1000
 - 20s - loss: 0.4567 - acc: 0.9558 - val_loss: 0.9765 - val_acc: 0.8545

Epoch 00206: val_loss did not improve
Epoch 207/1000
 - 20s - loss: 0.4529 - acc: 0.9568 - val_loss: 0.9510 - val_acc: 0.8450

Epoch 00207: val_loss did not improve
Epoch 208/1000
 - 20s - loss: 0.4532 - acc: 0.9561 - val_loss: 0.8451 - val_acc: 0.8754

Epoch 00208: val_loss did not improve
Epoch 209/1000
 - 20s - loss: 0.4501 - acc: 0.9576 - val_loss: 0.9883 - val_acc: 0.8386

Epoch 00209: val_loss did not improve
Epoch 210/1000
 - 20s - loss: 0.4514 - acc: 0.9554 - val_loss: 0.8900 - val_acc: 0.8648

Epoch 00210: val_loss did not improve
Epoch 211/1000
 - 20s - loss: 0.4500 - acc: 0.9579 - val_loss: 0.8618 - val_acc: 0.8735

Epoch 00211: val_loss did not improve
Epoch 212/1000
 - 20s - loss: 0.4502 - acc: 0.9571 - val_loss: 0.8680 - val_acc: 0.8665

Epoch 00212: val_loss did not improve
Epoch 213/1000
 - 20s - loss: 0.4465 - acc: 0.9581 - val_loss: 0.9931 - val_acc: 0.8459

Epoch 00213: val_loss did not improve
Epoch 214/1000
 - 20s - loss: 0.4460 - acc: 0.9582 - val_loss: 0.8475 - val_acc: 0.8679

Epoch 00214: val_loss did not improve
Epoch 215/1000
 - 20s - loss: 0.4496 - acc: 0.9557 - val_loss: 0.8870 - val_acc: 0.8665

Epoch 00215: val_loss did not improve
Epoch 216/1000
 - 20s - loss: 0.4498 - acc: 0.9575 - val_loss: 0.8870 - val_acc: 0.8643

Epoch 00216: val_loss did not improve
Epoch 217/1000
 - 20s - loss: 0.4506 - acc: 0.9569 - val_loss: 0.8473 - val_acc: 0.8726

Epoch 00217: val_loss did not improve
Epoch 218/1000
 - 20s - loss: 0.4456 - acc: 0.9602 - val_loss: 0.9234 - val_acc: 0.8632

Epoch 00218: val_loss did not improve
Epoch 219/1000
 - 20s - loss: 0.4466 - acc: 0.9591 - val_loss: 0.8585 - val_acc: 0.8765

Epoch 00219: val_loss did not improve
Epoch 220/1000
 - 20s - loss: 0.4439 - acc: 0.9581 - val_loss: 0.9301 - val_acc: 0.8618

Epoch 00220: val_loss did not improve
Epoch 221/1000
 - 20s - loss: 0.4476 - acc: 0.9606 - val_loss: 0.9604 - val_acc: 0.8554

Epoch 00221: val_loss did not improve
Epoch 222/1000
 - 21s - loss: 0.4399 - acc: 0.9621 - val_loss: 0.9339 - val_acc: 0.8634

Epoch 00222: val_loss did not improve
Epoch 223/1000
 - 21s - loss: 0.4431 - acc: 0.9598 - val_loss: 1.1364 - val_acc: 0.8213

Epoch 00223: val_loss did not improve
Epoch 224/1000
 - 21s - loss: 0.4438 - acc: 0.9598 - val_loss: 0.9588 - val_acc: 0.8542

Epoch 00224: val_loss did not improve
Epoch 225/1000
 - 21s - loss: 0.4441 - acc: 0.9582 - val_loss: 0.9238 - val_acc: 0.8623

Epoch 00225: val_loss did not improve
Epoch 226/1000
 - 20s - loss: 0.4425 - acc: 0.9605 - val_loss: 0.9078 - val_acc: 0.8698

Epoch 00226: val_loss did not improve
Epoch 227/1000
 - 20s - loss: 0.4443 - acc: 0.9587 - val_loss: 1.0260 - val_acc: 0.8414

Epoch 00227: val_loss did not improve
Epoch 228/1000
 - 20s - loss: 0.4413 - acc: 0.9611 - val_loss: 0.8762 - val_acc: 0.8749

Epoch 00228: val_loss did not improve
Epoch 229/1000
 - 21s - loss: 0.4377 - acc: 0.9629 - val_loss: 0.9435 - val_acc: 0.8579

Epoch 00229: val_loss did not improve
Epoch 230/1000
 - 21s - loss: 0.4407 - acc: 0.9607 - val_loss: 0.9575 - val_acc: 0.8640

Epoch 00230: val_loss did not improve
Epoch 231/1000
 - 20s - loss: 0.4421 - acc: 0.9599 - val_loss: 0.8869 - val_acc: 0.8687

Epoch 00231: val_loss did not improve
Epoch 232/1000
 - 20s - loss: 0.4407 - acc: 0.9609 - val_loss: 0.8814 - val_acc: 0.8679

Epoch 00232: val_loss did not improve
Epoch 233/1000
 - 20s - loss: 0.4386 - acc: 0.9606 - val_loss: 0.9248 - val_acc: 0.8671

Epoch 00233: val_loss did not improve
Epoch 234/1000
 - 20s - loss: 0.4377 - acc: 0.9615 - val_loss: 0.8998 - val_acc: 0.8654

Epoch 00234: val_loss did not improve
Epoch 235/1000
 - 20s - loss: 0.4357 - acc: 0.9610 - val_loss: 0.8729 - val_acc: 0.8707

Epoch 00235: val_loss did not improve
Epoch 236/1000
 - 20s - loss: 0.4372 - acc: 0.9612 - val_loss: 0.8761 - val_acc: 0.8715

Epoch 00236: val_loss did not improve
Epoch 237/1000
 - 20s - loss: 0.4380 - acc: 0.9606 - val_loss: 0.9025 - val_acc: 0.8698

Epoch 00237: val_loss did not improve
Epoch 238/1000
 - 20s - loss: 0.4366 - acc: 0.9620 - val_loss: 0.9141 - val_acc: 0.8693

Epoch 00238: val_loss did not improve
Epoch 239/1000
 - 20s - loss: 0.4373 - acc: 0.9617 - val_loss: 1.0766 - val_acc: 0.8420

Epoch 00239: val_loss did not improve
Epoch 240/1000
 - 20s - loss: 0.4384 - acc: 0.9624 - val_loss: 1.0221 - val_acc: 0.8559

Epoch 00240: val_loss did not improve
Epoch 241/1000
 - 20s - loss: 0.4391 - acc: 0.9608 - val_loss: 0.9280 - val_acc: 0.8595

Epoch 00241: val_loss did not improve
Epoch 242/1000
 - 20s - loss: 0.4355 - acc: 0.9644 - val_loss: 1.0142 - val_acc: 0.8473

Epoch 00242: val_loss did not improve
Epoch 243/1000
 - 20s - loss: 0.4352 - acc: 0.9616 - val_loss: 0.9183 - val_acc: 0.8643

Epoch 00243: val_loss did not improve
Epoch 244/1000
 - 20s - loss: 0.4400 - acc: 0.9610 - val_loss: 1.0927 - val_acc: 0.8436

Epoch 00244: val_loss did not improve
Epoch 245/1000
 - 20s - loss: 0.4361 - acc: 0.9610 - val_loss: 0.9232 - val_acc: 0.8685

Epoch 00245: val_loss did not improve
Epoch 246/1000
 - 20s - loss: 0.4342 - acc: 0.9608 - val_loss: 0.9783 - val_acc: 0.8590

Epoch 00246: val_loss did not improve
Epoch 247/1000
 - 20s - loss: 0.4361 - acc: 0.9631 - val_loss: 0.9333 - val_acc: 0.8629

Epoch 00247: val_loss did not improve
Epoch 248/1000
 - 20s - loss: 0.4323 - acc: 0.9621 - val_loss: 0.9155 - val_acc: 0.8698
